[LOG] System::create                           : Header version = 2.01.07. Current version = 2.01.07.
[LOG] Manager::init                            : maxchannels = 256 studioflags = 00000006 flags 00000000 extradriverdata 0000000000000000.
[LOG] SystemI::init                            : Initialize version=20107 (113487), maxchannels=256, flags=0x00020000
[LOG] SystemI::setOutputInternal               : Setting output to 'FMOD WASAPI Output'
[LOG] OutputWASAPI::init                       : Mix Format (WAVEFORMATEX): wFormatTag=0xFFFE, nChannels=2, nSamplesPerSec=44100, nAvgBytesPerSec=352800, nBlockAlign=8, wBitsPerSample=32, cbSize=22.
[LOG] OutputWASAPI::init                       : Mix Format (WAVEFORMATEXTENSIBLE): wValidBitsPerSample=32, dwChannelMask=0x00000003, SubFormat=00000003-0000-0010-8000-00AA00389B71.
[LOG] OutputWASAPI::init                       : Output buffer size: 3760 samples, latency: 0.00ms, period: 10.00ms, DSP buffer: 1024 * 4
[LOG] SystemI::init                            : Output requires a sample rate of 44100Hz, resampling will occur.
[LOG] Thread::initThread                       : Init FMOD stream thread. Affinity: 0x8000000000000003, Priority: 0xFFFF7FFB, Stack Size: 98304, Semaphore: No, Sleep Time: 10, Looping: Yes.
[LOG] Thread::initThread                       : Init FMOD mixer thread. Affinity: 0x8000000000000001, Priority: 0xFFFF7FFA, Stack Size: 81920, Semaphore: No, Sleep Time: 0, Looping: Yes.
[LOG] AsyncManager::init                       : manager 000002B925AB53F8 isAsync 0 updatePeriod 0.02
[LOG] AsyncManager::init                       : done
[LOG] PlaybackSystem::init                     : 
[LOG] Thread::initThread                       : Init FMOD Studio sample load thread. Affinity: 0x8000000000000003, Priority: 0xFFFF7FFD, Stack Size: 98304, Semaphore: No, Sleep Time: 1, Looping: No.
[LOG] PlaybackSystem::init                     : done
[LOG] Thread::initThread                       : Init FMOD Studio bank load thread. Affinity: 0x8000000000000003, Priority: 0xFFFF7FFD, Stack Size: 98304, Semaphore: No, Sleep Time: 1, Looping: No.
[LOG] Manager::init                            : done.
[LOG] Manager::readBank                        : fileversion = 135, compatVersion = 132 (oldest = 44, newest = 135)
[LOG] PlaybackSystem::acquireMasterBus         : Setting master channel group format to 6
[LOG] SystemI::createSound                     : filename = Assets/FMOD demo/Desktop/Master.bank : mode 02010082
[LOG] SystemI::createSound                     : FMOD_NONBLOCKING specified.  Putting into queue to be opened asynchronously!
[LOG] Thread::initThread                       : Init FMOD nonblocking thread (0). Affinity: 0x8000000000000003, Priority: 0xFFFF7FFC, Stack Size: 114688, Semaphore: Yes, Sleep Time: 0, Looping: Yes.
[LOG] SystemI::createSound                     : setdata soundi = 000002B90BCB5CA8 : node = 000002B906405CA0
[LOG] SystemI::createSound                     : add node to async list : head = 000002B9253E65C8.  list count = 0
[LOG] AsyncThread::threadFunc                  : Starting Asynchronous operation on sound 000002B90BCB5CA8
[LOG] SystemI::createSoundInternal             :     Create name='Assets/FMOD demo/Desktop/Master.bank', mode=0x02010082
[LOG] SystemI::createSoundInternal             :     exinfo->cbsize             = 224
[LOG] SystemI::createSoundInternal             :     exinfo->length             = 4864128
[LOG] SystemI::createSoundInternal             :     exinfo->fileoffset         = 21440
[LOG] SystemI::createSoundInternal             :     exinfo->numsubsounds       = 1
[LOG] SystemI::createSoundInternal             :     exinfo->inclusionlist      = 000002B906405DB0
[LOG] SystemI::createSoundInternal             :     exinfo->inclusionlistnum   = 1
[LOG] SystemI::createSoundInternal             :     exinfo->suggestedsoundtype = 5
[LOG] SystemI::createSoundInternal             :     exinfo->initialseekpostype = 1
[LOG] SystemI::createSoundInternal             :     Stream 0/1: name='RetroHighEnergyDemo1', format=5, channels=2, frequency=48000, lengthbytes=1603552, lengthpcm=5848912, pcmblocksize=0, loopstart=0, loopend=0, mode=0x00000000, channelmask=0x00000000, channelorder=0, peakvolume=1.085806.
[LOG] Thread::initThread                       :     Init FMOD file thread. Affinity: 0x8000000000000003, Priority: 0xFFFF7FFC, Stack Size: 49152, Semaphore: No, Sleep Time: 10, Looping: Yes.
[LOG] AsyncThread::threadFunc                  : Finished Asynchronous operation on sound 000002B90BCB5CA8
[LOG] SystemI::createSound                     : filename = Assets/FMOD demo/Desktop/Master.bank : mode 02010082
[LOG] SystemI::createSound                     : FMOD_NONBLOCKING specified.  Putting into queue to be opened asynchronously!
[LOG] SystemI::createSound                     : setdata soundi = 000002B90BCB61B8 : node = 000002B906405DE0
[LOG] SystemI::createSound                     : add node to async list : head = 000002B9253E65C8.  list count = 0
[LOG] AsyncThread::threadFunc                  : Starting Asynchronous operation on sound 000002B90BCB61B8
[LOG] SystemI::createSoundInternal             :     Create name='Assets/FMOD demo/Desktop/Master.bank', mode=0x02010082
[LOG] SystemI::createSoundInternal             :     exinfo->cbsize             = 224
[LOG] SystemI::createSoundInternal             :     exinfo->length             = 4864128
[LOG] SystemI::createSoundInternal             :     exinfo->fileoffset         = 21440
[LOG] SystemI::createSoundInternal             :     exinfo->numsubsounds       = 1
[LOG] SystemI::createSoundInternal             :     exinfo->inclusionlist      = 000002B906405EF0
[LOG] SystemI::createSoundInternal             :     exinfo->inclusionlistnum   = 1
[LOG] SystemI::createSoundInternal             :     exinfo->suggestedsoundtype = 5
[LOG] SystemI::createSoundInternal             :     exinfo->initialseekpostype = 1
[LOG] SystemI::createSoundInternal             :     Stream 0/1: name='IndustrialZoneDemo', format=5, channels=2, frequency=48000, lengthbytes=1514848, lengthpcm=6348234, pcmblocksize=0, loopstart=0, loopend=0, mode=0x00000000, channelmask=0x00000000, channelorder=0, peakvolume=0.934120.
[LOG] SoundI::release                          :     RetroHighEnergyDemo1 (000002B90BCB5CA8)
[LOG] SoundI::release                          :         RetroHighEnergyDemo1 (000002B8B67E5CF8)
[LOG] SoundI::release                          :         RetroHighEnergyDemo1 (000002B90C21DA98)
[LOG] AsyncThread::threadFunc                  : Finished Asynchronous operation on sound 000002B90BCB61B8
[LOG] SystemI::createSound                     : filename = Assets/FMOD demo/Desktop/Master.bank : mode 02010082
[LOG] SystemI::createSound                     : FMOD_NONBLOCKING specified.  Putting into queue to be opened asynchronously!
[LOG] SystemI::createSound                     : setdata soundi = 000002B90F7948E8 : node = 000002B924E393E0
[LOG] SystemI::createSound                     : add node to async list : head = 000002B9253E65C8.  list count = 0
[LOG] AsyncThread::threadFunc                  : Starting Asynchronous operation on sound 000002B90F7948E8
[LOG] SystemI::createSoundInternal             :     Create name='Assets/FMOD demo/Desktop/Master.bank', mode=0x02010082
[LOG] SystemI::createSoundInternal             :     exinfo->cbsize             = 224
[LOG] SystemI::createSoundInternal             :     exinfo->length             = 4864128
[LOG] SystemI::createSoundInternal             :     exinfo->fileoffset         = 21440
[LOG] SystemI::createSoundInternal             :     exinfo->numsubsounds       = 1
[LOG] SystemI::createSoundInternal             :     exinfo->inclusionlist      = 000002B924E394F0
[LOG] SystemI::createSoundInternal             :     exinfo->inclusionlistnum   = 1
[LOG] SystemI::createSoundInternal             :     exinfo->suggestedsoundtype = 5
[LOG] SystemI::createSoundInternal             :     exinfo->initialseekpostype = 1
[LOG] SystemI::createSoundInternal             :     Stream 0/1: name='Spacedemotheme', format=5, channels=2, frequency=48000, lengthbytes=1596256, lengthpcm=5991862, pcmblocksize=0, loopstart=0, loopend=0, mode=0x00000000, channelmask=0x00000000, channelorder=0, peakvolume=0.950140.
[LOG] AsyncThread::threadFunc                  : Finished Asynchronous operation on sound 000002B90F7948E8
[LOG] SoundI::release                          : IndustrialZoneDemo (000002B90BCB61B8)
[LOG] SoundI::release                          :     IndustrialZoneDemo (000002B8B5FC9728)
[LOG] SoundI::release                          :     IndustrialZoneDemo (000002B90BCB6008)
[LOG] AsyncThread::threadFunc                  : Starting Asynchronous operation on sound 000002B90BCB6368
[LOG] AsyncThread::threadFunc                  : Finished Asynchronous operation on sound 000002B90BCB6368
[LOG] SystemI::createSound                     : filename = Assets/FMOD demo/Desktop/Master.bank : mode 02010082
[LOG] SystemI::createSound                     : FMOD_NONBLOCKING specified.  Putting into queue to be opened asynchronously!
[LOG] SystemI::createSound                     : setdata soundi = 000002B90B9D09C8 : node = 000002B924E398E0
[LOG] SystemI::createSound                     : add node to async list : head = 000002B9253E65C8.  list count = 0
[LOG] AsyncThread::threadFunc                  : Starting Asynchronous operation on sound 000002B90B9D09C8
[LOG] SystemI::createSoundInternal             :     Create name='Assets/FMOD demo/Desktop/Master.bank', mode=0x02010082
[LOG] SystemI::createSoundInternal             :     exinfo->cbsize             = 224
[LOG] SystemI::createSoundInternal             :     exinfo->length             = 4864128
[LOG] SystemI::createSoundInternal             :     exinfo->fileoffset         = 21440
[LOG] SystemI::createSoundInternal             :     exinfo->numsubsounds       = 1
[LOG] SystemI::createSoundInternal             :     exinfo->inclusionlist      = 000002B924E399F0
[LOG] SystemI::createSoundInternal             :     exinfo->inclusionlistnum   = 1
[LOG] SystemI::createSoundInternal             :     exinfo->suggestedsoundtype = 5
[LOG] SystemI::createSoundInternal             :     exinfo->initialseekpostype = 1
[LOG] SystemI::createSoundInternal             :     Stream 0/1: name='RetroHighEnergyDemo1', format=5, channels=2, frequency=48000, lengthbytes=1603552, lengthpcm=5848912, pcmblocksize=0, loopstart=0, loopend=0, mode=0x00000000, channelmask=0x00000000, channelorder=0, peakvolume=1.085806.
[LOG] AsyncThread::threadFunc                  : Finished Asynchronous operation on sound 000002B90B9D09C8
[LOG] SoundI::release                          : Spacedemotheme (000002B90F7948E8)
[LOG] SoundI::release                          :     Spacedemotheme (000002B8B5FCA0E8)
[LOG] SoundI::release                          :     Spacedemotheme (000002B90BCB6368)
[LOG] SystemI::createSound                     : filename = Assets/FMOD demo/Desktop/Master.bank : mode 02010082
[LOG] SystemI::createSound                     : FMOD_NONBLOCKING specified.  Putting into queue to be opened asynchronously!
[LOG] SystemI::createSound                     : setdata soundi = 000002B90B9D04B8 : node = 000002B924E392A0
[LOG] SystemI::createSound                     : add node to async list : head = 000002B9253E65C8.  list count = 0
[LOG] AsyncThread::threadFunc                  : Starting Asynchronous operation on sound 000002B90B9D04B8
[LOG] SystemI::createSoundInternal             :     Create name='Assets/FMOD demo/Desktop/Master.bank', mode=0x02010082
[LOG] SystemI::createSoundInternal             :     exinfo->cbsize             = 224
[LOG] SystemI::createSoundInternal             :     exinfo->length             = 4864128
[LOG] SystemI::createSoundInternal             :     exinfo->fileoffset         = 21440
[LOG] SystemI::createSoundInternal             :     exinfo->numsubsounds       = 1
[LOG] SystemI::createSoundInternal             :     exinfo->inclusionlist      = 000002B924E393B0
[LOG] SystemI::createSoundInternal             :     exinfo->inclusionlistnum   = 1
[LOG] SystemI::createSoundInternal             :     exinfo->suggestedsoundtype = 5
[LOG] SystemI::createSoundInternal             :     exinfo->initialseekpostype = 1
[LOG] SystemI::createSoundInternal             :     Stream 0/1: name='IndustrialZoneDemo', format=5, channels=2, frequency=48000, lengthbytes=1514848, lengthpcm=6348234, pcmblocksize=0, loopstart=0, loopend=0, mode=0x00000000, channelmask=0x00000000, channelorder=0, peakvolume=0.934120.
[LOG] AsyncThread::threadFunc                  : Finished Asynchronous operation on sound 000002B90B9D04B8
[LOG] SoundI::release                          : RetroHighEnergyDemo1 (000002B90B9D09C8)
[LOG] SoundI::release                          :     RetroHighEnergyDemo1 (000002B8B67E5CF8)
[LOG] SoundI::release                          :     RetroHighEnergyDemo1 (000002B905C82798)
[LOG] AsyncThread::threadFunc                  : Starting Asynchronous operation on sound 000002B905C82CA8
[LOG] AsyncThread::threadFunc                  : Finished Asynchronous operation on sound 000002B905C82CA8
[LOG] SystemI::createSound                     : filename = Assets/FMOD demo/Desktop/Master.bank : mode 02010082
[LOG] SystemI::createSound                     : FMOD_NONBLOCKING specified.  Putting into queue to be opened asynchronously!
[LOG] SystemI::createSound                     : setdata soundi = 000002B90BCB6008 : node = 000002B9064066A0
[LOG] SystemI::createSound                     : add node to async list : head = 000002B9253E65C8.  list count = 0
[LOG] AsyncThread::threadFunc                  : Starting Asynchronous operation on sound 000002B90BCB6008
[LOG] SystemI::createSoundInternal             :     Create name='Assets/FMOD demo/Desktop/Master.bank', mode=0x02010082
[LOG] SystemI::createSoundInternal             :     exinfo->cbsize             = 224
[LOG] SystemI::createSoundInternal             :     exinfo->length             = 4864128
[LOG] SystemI::createSoundInternal             :     exinfo->fileoffset         = 21440
[LOG] SystemI::createSoundInternal             :     exinfo->numsubsounds       = 1
[LOG] SystemI::createSoundInternal             :     exinfo->inclusionlist      = 000002B9064067B0
[LOG] SystemI::createSoundInternal             :     exinfo->inclusionlistnum   = 1
[LOG] SystemI::createSoundInternal             :     exinfo->suggestedsoundtype = 5
[LOG] SystemI::createSoundInternal             :     exinfo->initialseekpostype = 1
[LOG] SystemI::createSoundInternal             :     Stream 0/1: name='Spacedemotheme', format=5, channels=2, frequency=48000, lengthbytes=1596256, lengthpcm=5991862, pcmblocksize=0, loopstart=0, loopend=0, mode=0x00000000, channelmask=0x00000000, channelorder=0, peakvolume=0.950140.
[LOG] AsyncThread::threadFunc                  : Finished Asynchronous operation on sound 000002B90BCB6008
[LOG] SoundI::release                          : IndustrialZoneDemo (000002B90B9D04B8)
[LOG] SoundI::release                          :     IndustrialZoneDemo (000002B8B5FC9728)
[LOG] SoundI::release                          :     IndustrialZoneDemo (000002B905C82CA8)
[LOG] AsyncThread::threadFunc                  : Starting Asynchronous operation on sound 000002B905C82798
[LOG] AsyncThread::threadFunc                  : Finished Asynchronous operation on sound 000002B905C82798
[LOG] SystemI::createSound                     : filename = Assets/FMOD demo/Desktop/Master.bank : mode 02010082
[LOG] SystemI::createSound                     : FMOD_NONBLOCKING specified.  Putting into queue to be opened asynchronously!
[LOG] SystemI::createSound                     : setdata soundi = 000002B90C21DC48 : node = 000002B92585D460
[LOG] SystemI::createSound                     : add node to async list : head = 000002B9253E65C8.  list count = 0
[LOG] AsyncThread::threadFunc                  : Starting Asynchronous operation on sound 000002B90C21DC48
[LOG] SystemI::createSoundInternal             :     Create name='Assets/FMOD demo/Desktop/Master.bank', mode=0x02010082
[LOG] SystemI::createSoundInternal             :     exinfo->cbsize             = 224
[LOG] SystemI::createSoundInternal             :     exinfo->length             = 4864128
[LOG] SystemI::createSoundInternal             :     exinfo->fileoffset         = 21440
[LOG] SystemI::createSoundInternal             :     exinfo->numsubsounds       = 1
[LOG] SystemI::createSoundInternal             :     exinfo->inclusionlist      = 000002B92585D570
[LOG] SystemI::createSoundInternal             :     exinfo->inclusionlistnum   = 1
[LOG] SystemI::createSoundInternal             :     exinfo->suggestedsoundtype = 5
[LOG] SystemI::createSoundInternal             :     exinfo->initialseekpostype = 1
[LOG] SystemI::createSoundInternal             :     Stream 0/1: name='RetroHighEnergyDemo1', format=5, channels=2, frequency=48000, lengthbytes=1603552, lengthpcm=5848912, pcmblocksize=0, loopstart=0, loopend=0, mode=0x00000000, channelmask=0x00000000, channelorder=0, peakvolume=1.085806.
[LOG] AsyncThread::threadFunc                  : Finished Asynchronous operation on sound 000002B90C21DC48
[LOG] SoundI::release                          : Spacedemotheme (000002B90BCB6008)
[LOG] SoundI::release                          :     Spacedemotheme (000002B8B5FCA0E8)
[LOG] SoundI::release                          :     Spacedemotheme (000002B905C82798)
[LOG] SystemI::createSound                     : filename = Assets/FMOD demo/Desktop/Master.bank : mode 02010082
[LOG] SystemI::createSound                     : FMOD_NONBLOCKING specified.  Putting into queue to be opened asynchronously!
[LOG] SystemI::createSound                     : setdata soundi = 000002B90BCB6008 : node = 000002B906405B60
[LOG] SystemI::createSound                     : add node to async list : head = 000002B9253E65C8.  list count = 0
[LOG] AsyncThread::threadFunc                  : Starting Asynchronous operation on sound 000002B90BCB6008
[LOG] SystemI::createSoundInternal             :     Create name='Assets/FMOD demo/Desktop/Master.bank', mode=0x02010082
[LOG] SystemI::createSoundInternal             :     exinfo->cbsize             = 224
[LOG] SystemI::createSoundInternal             :     exinfo->length             = 4864128
[LOG] SystemI::createSoundInternal             :     exinfo->fileoffset         = 21440
[LOG] SystemI::createSoundInternal             :     exinfo->numsubsounds       = 1
[LOG] SystemI::createSoundInternal             :     exinfo->inclusionlist      = 000002B906405C70
[LOG] SystemI::createSoundInternal             :     exinfo->inclusionlistnum   = 1
[LOG] SystemI::createSoundInternal             :     exinfo->suggestedsoundtype = 5
[LOG] SystemI::createSoundInternal             :     exinfo->initialseekpostype = 1
[LOG] SystemI::createSoundInternal             :     Stream 0/1: name='RetroHighEnergyDemo1', format=5, channels=2, frequency=48000, lengthbytes=1603552, lengthpcm=5848912, pcmblocksize=0, loopstart=0, loopend=0, mode=0x00000000, channelmask=0x00000000, channelorder=0, peakvolume=1.085806.
[LOG] AsyncThread::threadFunc                  : Finished Asynchronous operation on sound 000002B90BCB6008
[LOG] SoundI::release                          : RetroHighEnergyDemo1 (000002B90C21DC48)
[LOG] SoundI::release                          :     RetroHighEnergyDemo1 (000002B8B5FC9728)
[LOG] SoundI::release                          :     RetroHighEnergyDemo1 (000002B90B9D0D28)
[LOG] SystemI::createSound                     : filename = Assets/FMOD demo/Desktop/Master.bank : mode 02010082
[LOG] SystemI::createSound                     : FMOD_NONBLOCKING specified.  Putting into queue to be opened asynchronously!
[LOG] SystemI::createSound                     : setdata soundi = 000002B905C82948 : node = 000002B90C3B4BE0
[LOG] SystemI::createSound                     : add node to async list : head = 000002B9253E65C8.  list count = 0
[LOG] AsyncThread::threadFunc                  : Starting Asynchronous operation on sound 000002B905C82948
[LOG] SystemI::createSoundInternal             :     Create name='Assets/FMOD demo/Desktop/Master.bank', mode=0x02010082
[LOG] SystemI::createSoundInternal             :     exinfo->cbsize             = 224
[LOG] SystemI::createSoundInternal             :     exinfo->length             = 4864128
[LOG] SystemI::createSoundInternal             :     exinfo->fileoffset         = 21440
[LOG] SystemI::createSoundInternal             :     exinfo->numsubsounds       = 1
[LOG] SystemI::createSoundInternal             :     exinfo->inclusionlist      = 000002B90C3B4CF0
[LOG] SystemI::createSoundInternal             :     exinfo->inclusionlistnum   = 1
[LOG] SystemI::createSoundInternal             :     exinfo->suggestedsoundtype = 5
[LOG] SystemI::createSoundInternal             :     exinfo->initialseekpostype = 1
[LOG] SystemI::createSoundInternal             :     Stream 0/1: name='RetroHighEnergyDemo1', format=5, channels=2, frequency=48000, lengthbytes=1603552, lengthpcm=5848912, pcmblocksize=0, loopstart=0, loopend=0, mode=0x00000000, channelmask=0x00000000, channelorder=0, peakvolume=1.085806.
[LOG] AsyncThread::threadFunc                  : Finished Asynchronous operation on sound 000002B905C82948
[LOG] SoundI::release                          : RetroHighEnergyDemo1 (000002B90BCB6008)
[LOG] SoundI::release                          :     RetroHighEnergyDemo1 (000002B8B5FCA0E8)
[LOG] SoundI::release                          :     RetroHighEnergyDemo1 (000002B90C21E668)
[LOG] SystemI::createSound                     : filename = Assets/FMOD demo/Desktop/Master.bank : mode 02010082
[LOG] SystemI::createSound                     : FMOD_NONBLOCKING specified.  Putting into queue to be opened asynchronously!
[LOG] SystemI::createSound                     : setdata soundi = 000002B905C82CA8 : node = 000002B90C3B4E60
[LOG] SystemI::createSound                     : add node to async list : head = 000002B9253E65C8.  list count = 0
[LOG] AsyncThread::threadFunc                  : Starting Asynchronous operation on sound 000002B905C82CA8
[LOG] SystemI::createSoundInternal             :     Create name='Assets/FMOD demo/Desktop/Master.bank', mode=0x02010082
[LOG] SystemI::createSoundInternal             :     exinfo->cbsize             = 224
[LOG] SystemI::createSoundInternal             :     exinfo->length             = 4864128
[LOG] SystemI::createSoundInternal             :     exinfo->fileoffset         = 21440
[LOG] SystemI::createSoundInternal             :     exinfo->numsubsounds       = 1
[LOG] SystemI::createSoundInternal             :     exinfo->inclusionlist      = 000002B90C3B4F70
[LOG] SystemI::createSoundInternal             :     exinfo->inclusionlistnum   = 1
[LOG] SystemI::createSoundInternal             :     exinfo->suggestedsoundtype = 5
[LOG] SystemI::createSoundInternal             :     exinfo->initialseekpostype = 1
[LOG] SystemI::createSoundInternal             :     Stream 0/1: name='IndustrialZoneDemo', format=5, channels=2, frequency=48000, lengthbytes=1514848, lengthpcm=6348234, pcmblocksize=0, loopstart=0, loopend=0, mode=0x00000000, channelmask=0x00000000, channelorder=0, peakvolume=0.934120.
[LOG] AsyncThread::threadFunc                  : Finished Asynchronous operation on sound 000002B905C82CA8
[LOG] SoundI::release                          : RetroHighEnergyDemo1 (000002B905C82948)
[LOG] SoundI::release                          :     RetroHighEnergyDemo1 (000002B8B5FC9728)
[LOG] SoundI::release                          :     RetroHighEnergyDemo1 (000002B90C21D228)
[LOG] AsyncThread::threadFunc                  : Starting Asynchronous operation on sound 000002B90B9D09C8
[LOG] AsyncThread::threadFunc                  : Finished Asynchronous operation on sound 000002B90B9D09C8
[LOG] SystemI::createSound                     : filename = Assets/FMOD demo/Desktop/Master.bank : mode 02010082
[LOG] SystemI::createSound                     : FMOD_NONBLOCKING specified.  Putting into queue to be opened asynchronously!
[LOG] SystemI::createSound                     : setdata soundi = 000002B90B9D0D28 : node = 000002B924E3A060
[LOG] SystemI::createSound                     : add node to async list : head = 000002B9253E65C8.  list count = 0
[LOG] AsyncThread::threadFunc                  : Starting Asynchronous operation on sound 000002B90B9D0D28
[LOG] SystemI::createSoundInternal             :     Create name='Assets/FMOD demo/Desktop/Master.bank', mode=0x02010082
[LOG] SystemI::createSoundInternal             :     exinfo->cbsize             = 224
[LOG] SystemI::createSoundInternal             :     exinfo->length             = 4864128
[LOG] SystemI::createSoundInternal             :     exinfo->fileoffset         = 21440
[LOG] SystemI::createSoundInternal             :     exinfo->numsubsounds       = 1
[LOG] SystemI::createSoundInternal             :     exinfo->inclusionlist      = 000002B924E3A170
[LOG] SystemI::createSoundInternal             :     exinfo->inclusionlistnum   = 1
[LOG] SystemI::createSoundInternal             :     exinfo->suggestedsoundtype = 5
[LOG] SystemI::createSoundInternal             :     exinfo->initialseekpostype = 1
[LOG] SystemI::createSoundInternal             :     Stream 0/1: name='Spacedemotheme', format=5, channels=2, frequency=48000, lengthbytes=1596256, lengthpcm=5991862, pcmblocksize=0, loopstart=0, loopend=0, mode=0x00000000, channelmask=0x00000000, channelorder=0, peakvolume=0.950140.
[LOG] AsyncThread::threadFunc                  : Finished Asynchronous operation on sound 000002B90B9D0D28
[LOG] SoundI::release                          : IndustrialZoneDemo (000002B905C82CA8)
[LOG] SoundI::release                          :     IndustrialZoneDemo (000002B8B5FCA0E8)
[LOG] SoundI::release                          :     IndustrialZoneDemo (000002B90B9D09C8)
[LOG] AsyncThread::threadFunc                  : Starting Asynchronous operation on sound 000002B90C21D3D8
[LOG] AsyncThread::threadFunc                  : Finished Asynchronous operation on sound 000002B90C21D3D8
[LOG] SystemI::createSound                     : filename = Assets/FMOD demo/Desktop/Master.bank : mode 02010082
[LOG] SystemI::createSound                     : FMOD_NONBLOCKING specified.  Putting into queue to be opened asynchronously!
[LOG] SystemI::createSound                     : setdata soundi = 000002B905C82CA8 : node = 000002B92504B1C0
[LOG] SystemI::createSound                     : add node to async list : head = 000002B9253E65C8.  list count = 0
[LOG] AsyncThread::threadFunc                  : Starting Asynchronous operation on sound 000002B905C82CA8
[LOG] SystemI::createSoundInternal             :     Create name='Assets/FMOD demo/Desktop/Master.bank', mode=0x02010082
[LOG] SystemI::createSoundInternal             :     exinfo->cbsize             = 224
[LOG] SystemI::createSoundInternal             :     exinfo->length             = 4864128
[LOG] SystemI::createSoundInternal             :     exinfo->fileoffset         = 21440
[LOG] SystemI::createSoundInternal             :     exinfo->numsubsounds       = 1
[LOG] SystemI::createSoundInternal             :     exinfo->inclusionlist      = 000002B92504B2D0
[LOG] SystemI::createSoundInternal             :     exinfo->inclusionlistnum   = 1
[LOG] SystemI::createSoundInternal             :     exinfo->suggestedsoundtype = 5
[LOG] SystemI::createSoundInternal             :     exinfo->initialseekpostype = 1
[LOG] SystemI::createSoundInternal             :     Stream 0/1: name='RetroHighEnergyDemo1', format=5, channels=2, frequency=48000, lengthbytes=1603552, lengthpcm=5848912, pcmblocksize=0, loopstart=0, loopend=0, mode=0x00000000, channelmask=0x00000000, channelorder=0, peakvolume=1.085806.
[LOG] AsyncThread::threadFunc                  : Finished Asynchronous operation on sound 000002B905C82CA8
[LOG] SoundI::release                          : Spacedemotheme (000002B90B9D0D28)
[LOG] SoundI::release                          :     Spacedemotheme (000002B89AF452F8)
[LOG] SoundI::release                          :     Spacedemotheme (000002B90C21D3D8)
[LOG] SoundI::release                          : RetroHighEnergyDemo1 (000002B905C82CA8)
[LOG] SoundI::release                          :     RetroHighEnergyDemo1 (000002B8B5FC9728)
[LOG] SoundI::release                          :     RetroHighEnergyDemo1 (000002B90C21D228)
[LOG] Thread::callback                         : FMOD Studio bank load thread finished.
[LOG] Thread::callback                         : FMOD Studio sample load thread finished.
[LOG] LiveUpdate::release                      : 
[LOG] LiveUpdate::reset                        : Reset connection (reason Disconnected)
[LOG] Thread::callback                         : FMOD stream thread finished.
[LOG] Thread::callback                         : FMOD mixer thread finished.
[LOG] SystemI::close                           : Closed.
[LOG] Thread::callback                         : FMOD nonblocking thread (0) finished.
[LOG] Thread::callback                         : FMOD file thread finished.
